<?xml version="1.0" encoding="UTF-8"?>
<testng-results ignored="0" total="3" passed="3" failed="0" skipped="0">
  <reporter-output>
  </reporter-output>
  <suite started-at="2023-08-04T00:41:29 IST" name="Suite" finished-at="2023-08-04T00:41:43 IST" duration-ms="14035">
    <groups>
    </groups>
    <test started-at="2023-08-04T00:41:29 IST" name="Test" finished-at="2023-08-04T00:41:43 IST" duration-ms="14035">
      <class name="socialMedia.youtube">
        <test-method signature="utubeweb()[pri:0, instance:socialMedia.youtube@393671df]" started-at="2023-08-04T00:41:34 IST" name="utubeweb" finished-at="2023-08-04T00:41:39 IST" duration-ms="5080" status="PASS">
          <reporter-output>
          </reporter-output>
        </test-method> <!-- utubeweb -->
      </class> <!-- socialMedia.youtube -->
      <class name="socialMedia.insta">
        <test-method signature="instaweb()[pri:0, instance:socialMedia.insta@2f7298b]" started-at="2023-08-04T00:41:29 IST" name="instaweb" finished-at="2023-08-04T00:41:34 IST" duration-ms="4973" status="PASS">
          <reporter-output>
          </reporter-output>
        </test-method> <!-- instaweb -->
      </class> <!-- socialMedia.insta -->
      <class name="socialMedia.fb">
        <test-method signature="fbweb()[pri:0, instance:socialMedia.fb@56620197]" started-at="2023-08-04T00:41:39 IST" name="fbweb" finished-at="2023-08-04T00:41:43 IST" duration-ms="3942" status="PASS">
          <reporter-output>
          </reporter-output>
        </test-method> <!-- fbweb -->
      </class> <!-- socialMedia.fb -->
    </test> <!-- Test -->
  </suite> <!-- Suite -->
</testng-results>
